[2026-03-04 06:57:31] [ACTIVITY] User:1 Action:LOGIN_SUCCESS IP:::1 Details:User: Abg Mohd Luqman
[2026-03-04 06:58:59] [ACTIVITY] User:1 Action:EMISSION_ADDED IP:::1 Details:Period: daily, Date: 2026-03-04, Total: 27.56 kg, Categories: 6
[2026-03-04 06:59:27] [ACTIVITY] User:1 Action:EMISSION_ADDED IP:::1 Details:Period: daily, Date: 2026-03-04, Total: 0.01 kg, Categories: 1
[2026-03-04 07:26:26] [ACTIVITY] User:1 Action:CONTENT_UPDATED IP:::1 Details:ID: 3, Title: Testing general content, Type: article, Category: none, Level: Low, Image Updated: no
[2026-03-04 07:30:23] [ACTIVITY] User:1 Action:ADMIN_LOGIN_SUCCESS IP:::1 Details:Admin: Administrator
[2026-03-04 07:31:20] [ACTIVITY] User:1 Action:CONTENT_UPDATED IP:::1 Details:ID: 1, Title: Testing Tips 1 Electricity edit, Type: tip, Category: 1, Level: Medium, Image Updated: no
[2026-03-04 07:35:16] [ACTIVITY] User:1 Action:CONTENT_UPDATED IP:::1 Details:ID: 1, Title: Testing Tips 1 Electricity edit, Type: tip, Category: 1, Level: Medium, Image Updated: no
[2026-03-04 07:37:51] [ACTIVITY] User:1 Action:CONTENT_UPDATED IP:::1 Details:ID: 1, Title: Testing Tips 1 Electricity edit, Type: tip, Category: 1, Level: Medium, Image Updated: no
[2026-03-04 07:38:10] [ACTIVITY] User:1 Action:CONTENT_UPDATED IP:::1 Details:ID: 1, Title: Testing Tips 1 Electricity edit, Type: tip, Category: 1, Level: Medium, Image Updated: no
[2026-03-04 07:38:53] [ACTIVITY] User:1 Action:LOGIN_SUCCESS IP:::1 Details:User: Abg Mohd Luqman
[2026-03-16 06:19:28] [ACTIVITY] User:1 Action:LOGIN_SUCCESS IP:::1 Details:User: Abg Mohd Luqman
[2026-03-30 07:15:00] [ACTIVITY] User:1 Action:LOGIN_SUCCESS IP:::1 Details:User: Abg Mohd Luqman
[2026-04-06 02:29:17] [ACTIVITY] User:1 Action:ADMIN_LOGIN_SUCCESS IP:::1 Details:Admin: Administrator
[2026-04-06 02:30:01] [ACTIVITY] User:1 Action:LOGIN_SUCCESS IP:::1 Details:User: Abg Mohd Luqman
[2026-04-06 03:03:49] [ACTIVITY] User:1 Action:EMISSION_ADDED IP:::1 Details:Period: daily, Date: 2026-04-06, Total: 414.27 kg, Categories: 6
[2026-04-08 11:31:53] [ACTIVITY] User:1 Action:LOGIN_SUCCESS IP:::1 Details:User: Abg Mohd Luqman
[2026-04-14 06:24:19] [ACTIVITY] User:1 Action:LOGIN_SUCCESS IP:::1 Details:User: Abg Mohd Luqman
[2026-04-14 06:31:15] [ACTIVITY] User:1 Action:ADMIN_LOGIN_SUCCESS IP:::1 Details:Admin: Administrator
[2026-04-14 06:33:56] [ACTIVITY] User:1 Action:LOGIN_SUCCESS IP:::1 Details:User: Abg Mohd Luqman
[2026-04-16 00:19:50] [ACTIVITY] User:1 Action:LOGIN_SUCCESS IP:::1 Details:User: Abg Mohd Luqman
[2026-04-16 00:21:31] [ACTIVITY] User:1 Action:LOGIN_SUCCESS IP:::1 Details:User: Abg Mohd Luqman
[2026-04-16 01:18:00] [ACTIVITY] User:1 Action:ADMIN_LOGIN_SUCCESS IP:::1 Details:Admin: Administrator
[2026-04-28 02:08:35] [ACTIVITY] User:1 Action:LOGIN_SUCCESS IP:::1 Details:User: Abg Mohd Luqman
[2026-04-28 02:13:02] [ACTIVITY] User:1 Action:ADMIN_LOGIN_SUCCESS IP:::1 Details:Admin: Administrator
[2026-04-28 06:56:14] [ACTIVITY] User:1 Action:ADMIN_LOGIN_SUCCESS IP:::1 Details:Admin: Administrator
[2026-04-29 01:53:49] [ACTIVITY] User:1 Action:LOGIN_SUCCESS IP:::1 Details:User: Abg Mohd Luqman
[2026-04-29 02:03:05] [ACTIVITY] User:1 Action:EMISSION_ADDED IP:::1 Details:Period: daily, Date: 2026-04-29, Total: 34.68 kg, Categories: 5
[2026-04-29 02:08:04] [ACTIVITY] User:1 Action:EMISSION_ADDED IP:::1 Details:Period: monthly, Date: 2026-04-29, Total: 5437.73 kg, Categories: 6
[2026-04-29 02:34:48] [ACTIVITY] User:1 Action:ADMIN_LOGIN_SUCCESS IP:::1 Details:Admin: Administrator
[2026-04-29 02:49:33] [ACTIVITY] User:1 Action:EMISSION_ADDED IP:::1 Details:Period: daily, Date: 2026-04-29, Total: 335.00 kg, Categories: 1
[2026-04-29 09:02:03] [ACTIVITY] User:1 Action:LOGIN_SUCCESS IP:::1 Details:User: Abg Mohd Luqman
[2026-04-29 09:13:02] [ACTIVITY] User:1 Action:ADMIN_LOGIN_SUCCESS IP:::1 Details:Admin: Administrator
[2026-04-29 09:14:46] [ACTIVITY] User:1 Action:LOGIN_SUCCESS IP:::1 Details:User: Abg Mohd Luqman
[2026-05-04 01:33:59] [ACTIVITY] User:1 Action:LOGIN_SUCCESS IP:::1 Details:User: Abg Mohd Luqman
[2026-05-04 02:23:00] [ACTIVITY] User:1 Action:PROFILE_UPDATED IP:::1 Details:Profile updated
[2026-05-04 02:23:17] [ACTIVITY] User:1 Action:PROFILE_UPDATED IP:::1 Details:Profile updated
[2026-05-04 02:25:11] [ACTIVITY] User:1 Action:PROFILE_UPDATED IP:::1 Details:Profile updated
[2026-05-04 02:26:20] [ACTIVITY] User:1 Action:ADMIN_LOGIN_SUCCESS IP:::1 Details:Admin: Administrator
[2026-05-04 04:02:44] [ACTIVITY] User:1 Action:EMISSION_ADDED IP:::1 Details:Period: daily, Date: 2026-05-04, Total: 2980.34 kg, Categories: 3
[2026-05-04 04:25:25] [ACTIVITY] User:1 Action:LOGIN_SUCCESS IP:::1 Details:User: Abg Mohd Luqman
[2026-05-04 04:41:01] [ACTIVITY] User:1 Action:LOGIN_SUCCESS IP:::1 Details:User: Abg Mohd Luqman
[2026-05-04 06:54:15] [ACTIVITY] User:1 Action:LOGIN_SUCCESS IP:::1 Details:User: Abg Mohd Luqman
[2026-05-04 07:18:04] [ACTIVITY] User:1 Action:LOGIN_SUCCESS IP:::1 Details:User: Abg Mohd Luqman
[2026-05-04 11:31:16] [ACTIVITY] User:1 Action:ADMIN_LOGIN_SUCCESS IP:::1 Details:Admin: Administrator
[2026-05-04 12:00:16] [ACTIVITY] User:2 Action:USER_REGISTERED IP:::1 Details:Name: user 2, Email: 82335@siswa.unimas.my, Phone: 011234567, Department: Group Human Capital
[2026-05-04 12:00:45] [ACTIVITY] User:2 Action:LOGIN_SUCCESS IP:::1 Details:User: user 2
[2026-05-04 12:00:55] [ACTIVITY] User:1 Action:ADMIN_LOGIN_SUCCESS IP:::1 Details:Admin: Administrator
[2026-05-04 12:02:09] [ACTIVITY] User:2 Action:LOGIN_SUCCESS IP:::1 Details:User: user 2
[2026-05-04 12:02:52] [ACTIVITY] User:1 Action:LOGIN_SUCCESS IP:::1 Details:User: Abg Mohd Luqman
[2026-05-05 07:59:04] [ACTIVITY] User:1 Action:ADMIN_LOGIN_SUCCESS IP:::1 Details:Admin: Administrator
[2026-05-05 08:01:50] [ACTIVITY] User:1 Action:LOGIN_SUCCESS IP:::1 Details:User: Abg Mohd Luqman
[2026-05-07 03:19:09] [ACTIVITY] User:1 Action:LOGIN_SUCCESS IP:::1 Details:User: Abg Mohd Luqman
[2026-05-07 03:36:15] [ACTIVITY] User:2 Action:LOGIN_SUCCESS IP:::1 Details:User: user 2
[2026-05-07 06:11:44] [ACTIVITY] User:1 Action:LOGIN_SUCCESS IP:::1 Details:User: Abg Mohd Luqman
[2026-05-07 06:30:44] [ACTIVITY] User:1 Action:PROFILE_PHOTO_UPLOADED IP:::1 Details:Size: 42.33 KB, Type: image/png
[2026-05-07 06:31:11] [ACTIVITY] User:1 Action:PROFILE_PHOTO_UPLOADED IP:::1 Details:Size: 467.38 KB, Type: image/jpeg
[2026-05-07 06:49:28] [ACTIVITY] User:1 Action:PROFILE_UPDATED IP:::1 Details:Name: Abg Mohd Luqman, Email: abgmohdluqman@outlook.com, Phone: 0123456789, Dept: Group Safety, Security & Sustainability
[2026-05-07 06:49:40] [ACTIVITY] User:1 Action:PROFILE_UPDATED IP:::1 Details:Name: Abg Mohd Luqman, Email: abgmohdluqman@gmail.com, Phone: 0123456789, Dept: Group Safety, Security & Sustainability
[2026-05-07 06:58:57] [ACTIVITY] User:2 Action:LOGIN_SUCCESS IP:::1 Details:User: user 2
[2026-05-07 07:00:36] [ACTIVITY] User:1 Action:LOGIN_SUCCESS IP:::1 Details:User: Abg Mohd Luqman
[2026-05-07 07:09:32] [ACTIVITY] User:2 Action:LOGIN_SUCCESS IP:::1 Details:User: user 2
[2026-05-07 07:18:52] [ACTIVITY] User:2 Action:LOGIN_SUCCESS IP:::1 Details:User: user 2
[2026-05-07 07:21:40] [ACTIVITY] User:2 Action:LOGIN_SUCCESS IP:::1 Details:User: user 2
[2026-05-07 07:23:39] [ACTIVITY] User:1 Action:LOGIN_SUCCESS IP:::1 Details:User: Abg Mohd Luqman
[2026-05-07 09:15:09] [ACTIVITY] User:2 Action:LOGIN_SUCCESS IP:::1 Details:User: user 2
[2026-05-07 09:15:29] [ACTIVITY] User:1 Action:LOGIN_SUCCESS IP:::1 Details:User: Abg Mohd Luqman
[2026-05-07 09:47:57] [ACTIVITY] User:2 Action:LOGIN_SUCCESS IP:::1 Details:User: user 2
[2026-05-07 12:31:36] [ACTIVITY] User:1 Action:LOGIN_SUCCESS IP:::1 Details:User: Abg Mohd Luqman
[2026-05-07 13:10:14] [ACTIVITY] User:1 Action:EMISSION_ADDED IP:::1 Details:Period: daily, Date: 2026-05-07, Total: 0.03 kg, Categories: 1
[2026-05-07 13:13:11] [ACTIVITY] User:1 Action:EMISSION_ADDED IP:::1 Details:Period: weekly, Date: 2026-05-07, Total: 67.00 kg, Categories: 1
[2026-05-07 13:27:12] [ACTIVITY] User:1 Action:LOGIN_SUCCESS IP:::1 Details:User: Abg Mohd Luqman
[2026-05-07 13:45:12] [ACTIVITY] User:1 Action:EMISSION_ADDED IP:::1 Details:Period: daily, Date: 2026-05-07, Total: 1.19 kg, Categories: 1
[2026-05-09 07:21:13] [ACTIVITY] User:3 Action:USER_REGISTERED IP:::1 Details:Name: NUR ANNISA, Email: 82803@siswa.unimas.my, Phone: 0199674720, Department: Group Finance
[2026-05-09 07:21:41] [ACTIVITY] User:3 Action:LOGIN_SUCCESS IP:::1 Details:User: NUR ANNISA
[2026-05-09 07:25:26] [ACTIVITY] User:3 Action:EMISSION_ADDED IP:::1 Details:Period: daily, Date: 2026-05-09, Total: 27.66 kg, Categories: 6
[2026-05-09 07:29:39] [ACTIVITY] User:3 Action:EMISSION_ADDED IP:::1 Details:Period: monthly, Date: 2026-05-09, Total: 27.77 kg, Categories: 5
[2026-05-09 07:42:05] [ACTIVITY] User:1 Action:ADMIN_LOGIN_SUCCESS IP:::1 Details:Admin: Administrator
[2026-05-09 22:01:12] [ACTIVITY] User:2 Action:LOGIN_SUCCESS IP:::1 Details:User: user 2
[2026-05-09 22:28:42] [ACTIVITY] User:1 Action:ADMIN_LOGIN_SUCCESS IP:::1 Details:Admin: Administrator
[2026-05-11 14:49:24] [ACTIVITY] User:2 Action:LOGIN_SUCCESS IP:::1 Details:User: user 2
[2026-05-11 14:52:37] [ACTIVITY] User:1 Action:LOGIN_SUCCESS IP:::1 Details:User: Abg Mohd Luqman
[2026-05-11 15:02:13] [ACTIVITY] User:1 Action:EMISSION_ADDED IP:::1 Details:Period: daily, Date: 2026-05-11, Total: 81.16 kg, Categories: 6
[2026-05-12 16:53:03] [ACTIVITY] User:1 Action:LOGIN_SUCCESS IP:::1 Details:User: Abg Mohd Luqman
