[2026-03-04 06:38:25] [SECURITY] Event:LOGIN_FAILED_USER_NOT_FOUND IP:::1 Details:Email: lukehesmes@gmail.com
[2026-03-16 06:19:18] [SECURITY] Event:LOGIN_FAILED_WRONG_PASSWORD IP:::1 Details:Email: abgluqman@gmail.com
[2026-04-06 02:29:34] [SECURITY] Event:LOGIN_FAILED_WRONG_PASSWORD IP:::1 Details:Email: abgluqman@gmail.com
[2026-04-06 03:29:46] [SECURITY] Event:INVALID_INPUT_ELECTRICITY IP:::1 Details:User: 1, Value: 1.0E+36
[2026-04-06 03:43:54] [SECURITY] Event:INVALID_INPUT_FUEL IP:::1 Details:User: 1, Value: 1000000
[2026-04-06 03:43:54] [SECURITY] Event:INVALID_INPUT_WATER IP:::1 Details:User: 1, Value: 99999999
[2026-04-06 03:43:54] [SECURITY] Event:INVALID_INPUT_WASTE IP:::1 Details:User: 1, Value: 10000000
[2026-04-06 10:00:32] [SECURITY] Event:INVALID_INPUT_FUEL IP:::1 Details:User: 1, Value: 1000000
[2026-04-06 10:00:32] [SECURITY] Event:INVALID_INPUT_WATER IP:::1 Details:User: 1, Value: 99999999
[2026-04-06 10:00:32] [SECURITY] Event:INVALID_INPUT_WASTE IP:::1 Details:User: 1, Value: 10000000
[2026-04-14 06:23:40] [SECURITY] Event:LOGIN_FAILED_WRONG_PASSWORD IP:::1 Details:Email: abgluqman@gmail.com
[2026-04-14 06:23:52] [SECURITY] Event:LOGIN_FAILED_WRONG_PASSWORD IP:::1 Details:Email: abgluqman@gmail.com
[2026-04-14 06:24:07] [SECURITY] Event:LOGIN_FAILED_WRONG_PASSWORD IP:::1 Details:Email: abgluqman@gmail.com
[2026-04-14 06:33:26] [SECURITY] Event:LOGIN_FAILED_WRONG_PASSWORD IP:::1 Details:Email: abgluqman@gmail.com
[2026-04-14 06:33:36] [SECURITY] Event:LOGIN_FAILED_WRONG_PASSWORD IP:::1 Details:Email: abgluqman@gmail.com
[2026-04-14 06:33:46] [SECURITY] Event:LOGIN_FAILED_WRONG_PASSWORD IP:::1 Details:Email: abgluqman@gmail.com
[2026-04-29 01:51:53] [SECURITY] Event:LOGIN_FAILED_USER_NOT_FOUND IP:::1 Details:Email: abgluqman@gmail.com
[2026-04-29 01:53:00] [SECURITY] Event:LOGIN_FAILED_USER_NOT_FOUND IP:::1 Details:Email: abgluqman@gmail.com
[2026-04-29 01:53:10] [SECURITY] Event:LOGIN_FAILED_USER_NOT_FOUND IP:::1 Details:Email: abgluqman@gmail.com
[2026-04-29 01:53:24] [SECURITY] Event:LOGIN_FAILED_USER_NOT_FOUND IP:::1 Details:Email: 82335@siswa.unimas.my
[2026-04-29 01:53:32] [SECURITY] Event:LOGIN_FAILED_USER_NOT_FOUND IP:::1 Details:Email: abgluqman@gmail.com
[2026-05-04 11:31:07] [SECURITY] Event:ADMIN_LOGIN_WRONG_PASSWORD IP:::1 Details:Email: admin@carbonanalyzer.com
[2026-05-04 12:02:45] [SECURITY] Event:LOGIN_FAILED_WRONG_PASSWORD IP:::1 Details:Email: abgmohdluqman@gmail.com
[2026-05-07 03:29:10] [SECURITY] Event:OVERSIZED_PROFILE_PHOTO IP:::1 Details:User: 1, Size: 7.78 MB, Limit: 5.00 MB
[2026-05-07 03:29:18] [SECURITY] Event:OVERSIZED_PROFILE_PHOTO IP:::1 Details:User: 1, Size: 9.19 MB, Limit: 5.00 MB
[2026-05-07 07:12:29] [SECURITY] Event:CSRF_VIOLATION_PROFILE IP:::1 Details:User ID: 2
[2026-05-07 07:12:35] [SECURITY] Event:CSRF_VIOLATION_PROFILE IP:::1 Details:User ID: 2
[2026-05-12 16:52:52] [SECURITY] Event:LOGIN_FAILED_WRONG_PASSWORD IP:::1 Details:Email: abgmohdluqman@gmail.com
[2026-05-18 13:59:27] [SECURITY] Event:LOGIN_FAILED_USER_NOT_FOUND IP:::1 Details:Email: abangluqmantahir@gmail.com
[2026-05-20 12:57:00] [SECURITY] Event:INVALID_IMAGE_UPLOAD IP:::1 Details:Admin: 1, MIME: video/mp4, Original: video/mp4
[2026-05-20 13:00:49] [SECURITY] Event:INVALID_IMAGE_UPLOAD IP:::1 Details:Admin: 1, MIME: video/mp4, Original: video/mp4
[2026-05-20 13:02:31] [SECURITY] Event:INVALID_IMAGE_UPLOAD IP:::1 Details:Admin: 1, MIME: video/mp4, Original: video/mp4
